d:\cppworks\firstapp\firstapp\debug\vc120.pdb
d:\cppworks\firstapp\firstapp\debug\vc120.idb
d:\cppworks\firstapp\firstapp\debug\accum.obj
d:\cppworks\firstapp\firstapp\debug\auto.obj
d:\cppworks\firstapp\firstapp\debug\backtracking.obj
d:\cppworks\firstapp\firstapp\debug\constructors.obj
d:\cppworks\firstapp\firstapp\debug\demo1.obj
d:\cppworks\firstapp\firstapp\debug\demo2.obj
d:\cppworks\firstapp\firstapp\debug\enums.obj
d:\cppworks\firstapp\firstapp\debug\firstapp.obj
d:\cppworks\firstapp\firstapp\debug\main.obj
d:\cppworks\firstapp\firstapp\debug\maps.obj
d:\cppworks\firstapp\firstapp\debug\mod4.obj
d:\cppworks\firstapp\firstapp\debug\oop1.obj
d:\cppworks\firstapp\firstapp\debug\oop2.obj
d:\cppworks\firstapp\firstapp\debug\person.obj
d:\cppworks\firstapp\firstapp\debug\rectangle.obj
d:\cppworks\firstapp\firstapp\debug\structures.obj
d:\cppworks\firstapp\firstapp\debug\template_main.obj
d:\cppworks\firstapp\firstapp\debug\tweeter.obj
d:\cppworks\firstapp\debug\firstapp.pdb
d:\cppworks\firstapp\firstapp\debug\firstapp.tlog\cl.command.1.tlog
d:\cppworks\firstapp\firstapp\debug\firstapp.tlog\cl.read.1.tlog
d:\cppworks\firstapp\firstapp\debug\firstapp.tlog\cl.write.1.tlog
d:\cppworks\firstapp\firstapp\debug\firstapp.tlog\link-cvtres.read.1.tlog
d:\cppworks\firstapp\firstapp\debug\firstapp.tlog\link-cvtres.write.1.tlog
d:\cppworks\firstapp\firstapp\debug\firstapp.tlog\link-rc.read.1.tlog
d:\cppworks\firstapp\firstapp\debug\firstapp.tlog\link-rc.write.1.tlog
d:\cppworks\firstapp\firstapp\debug\firstapp.tlog\link.command.1.tlog
d:\cppworks\firstapp\firstapp\debug\firstapp.tlog\link.read.1.tlog
d:\cppworks\firstapp\firstapp\debug\firstapp.tlog\link.write.1.tlog
